<?xml version="1.0" encoding="UTF-8"?>
<testsuite xmlns:xsi="http://www.w3.org/2001/XMLSchema-instance" xsi:noNamespaceSchemaLocation="https://maven.apache.org/surefire/maven-surefire-plugin/xsd/surefire-test-report-3.0.xsd" version="3.0" name="com.aaa.automation.AdaniAutomationApplicationTests" time="12.016" tests="1" errors="0" skipped="0" failures="0">
  <properties>
[...]
</properties>
  <testcase name="contextLoads" classname="com.aaa.automation.AdaniAutomationApplicationTests" time="4.9">
    <system-out><![CDATA[18:08:08.100 [main] INFO org.springframework.test.context.support.AnnotationConfigContextLoaderUtils -- Could not detect default configuration classes for test class [com.aaa.automation.AdaniAutomationApplicationTests]: AdaniAutomationApplicationTests does not declare any static, non-private, non-final, nested classes annotated with @Configuration.
18:08:08.386 [main] INFO org.springframework.boot.test.context.SpringBootTestContextBootstrapper -- Found @SpringBootConfiguration com.aaa.automation.AdaniAutomationApplication for test class com.aaa.automation.AdaniAutomationApplicationTests

  .   ____          _            __ _ _
 /\\ / ___'_ __ _ _(_)_ __  __ _ \ \ \ \
( ( )\___ | '_ | '_| | '_ \/ _` | \ \ \ \
 \\/  ___)| |_)| | | | | || (_| |  ) ) ) )
  '  |____| .__|_| |_|_| |_\__, | / / / /
 =========|_|==============|___/=/_/_/_/
 :: Spring Boot ::                (v3.2.3)

2024-03-05T18:08:09.686+05:30  INFO 17072 --- [           main] c.a.a.AdaniAutomationApplicationTests    : Starting AdaniAutomationApplicationTests using Java 17.0.9 with PID 17072 (started by saneesh in D:\Sans-Workspace\Automation\AdaniAutomation)
2024-03-05T18:08:09.692+05:30  INFO 17072 --- [           main] c.a.a.AdaniAutomationApplicationTests    : No active profile set, falling back to 1 default profile: "default"
2024-03-05T18:08:14.595+05:30  INFO 17072 --- [           main] c.a.a.AdaniAutomationApplicationTests    : Started AdaniAutomationApplicationTests in 5.811 seconds (process running for 10.028)
]]></system-out>
  </testcase>
</testsuite>